
Magic 8.3 revision 522 - Compiled on Tue Feb 25 14:09:10 +07 2025.
Starting magic under Tcl interpreter
Using the terminal as the console.
Using NULL graphics device.
Processing system .magicrc file
Sourcing design .magicrc for technology sky130A ...
2 Magic internal units = 1 Lambda
Input style sky130(): scaleFactor=2, multiplier=2
The following types are not handled by extraction and will be treated as non-electrical types:
    ubm 
Scaled tech values by 2 / 1 to match internal grid scaling
Loading sky130A Device Generator Menu ...
Using technology "sky130A", version 1.0.466-0-gbdc9412
Reading LEF data from file /home/seaky/chip_design/open_pdks/sky130/sky130A/libs.ref/sky130_fd_sc_hd/techlef/sky130_fd_sc_hd__nom.tlef.
This action cannot be undone.
LEF read, Line 78 (Message): Unknown keyword "ANTENNAMODEL" in LEF file; ignoring.
LEF read, Line 79 (Message): Unknown keyword "ANTENNADIFFSIDEAREARATIO" in LEF file; ignoring.
LEF read, Line 112 (Message): Unknown keyword "MINENCLOSEDAREA" in LEF file; ignoring.
LEF read, Line 114 (Message): Unknown keyword "ANTENNAMODEL" in LEF file; ignoring.
LEF read, Line 115 (Message): Unknown keyword "ANTENNADIFFSIDEAREARATIO" in LEF file; ignoring.
LEF read, Line 121 (Message): Unknown keyword "MAXIMUMDENSITY" in LEF file; ignoring.
LEF read, Line 122 (Message): Unknown keyword "DENSITYCHECKWINDOW" in LEF file; ignoring.
LEF read, Line 123 (Message): Unknown keyword "DENSITYCHECKSTEP" in LEF file; ignoring.
LEF read, Line 156 (Message): Unknown keyword "MINENCLOSEDAREA" in LEF file; ignoring.
LEF read, Line 164 (Message): Unknown keyword "ANTENNAMODEL" in LEF file; ignoring.
LEF read, Line 165 (Message): Unknown keyword "ANTENNADIFFSIDEAREARATIO" in LEF file; ignoring.
LEF read, Line 167 (Message): Unknown keyword "MAXIMUMDENSITY" in LEF file; ignoring.
LEF read, Line 168 (Message): Unknown keyword "DENSITYCHECKWINDOW" in LEF file; ignoring.
LEF read, Line 169 (Message): Unknown keyword "DENSITYCHECKSTEP" in LEF file; ignoring.
LEF read, Line 206 (Message): Unknown keyword "ANTENNAMODEL" in LEF file; ignoring.
LEF read, Line 207 (Message): Unknown keyword "ANTENNADIFFSIDEAREARATIO" in LEF file; ignoring.
LEF read, Line 209 (Message): Unknown keyword "MAXIMUMDENSITY" in LEF file; ignoring.
LEF read, Line 210 (Message): Unknown keyword "DENSITYCHECKWINDOW" in LEF file; ignoring.
LEF read, Line 211 (Message): Unknown keyword "DENSITYCHECKSTEP" in LEF file; ignoring.
LEF read, Line 248 (Message): Unknown keyword "ANTENNAMODEL" in LEF file; ignoring.
LEF read, Line 249 (Message): Unknown keyword "ANTENNADIFFSIDEAREARATIO" in LEF file; ignoring.
LEF read, Line 251 (Message): Unknown keyword "MAXIMUMDENSITY" in LEF file; ignoring.
LEF read, Line 252 (Message): Unknown keyword "DENSITYCHECKWINDOW" in LEF file; ignoring.
LEF read, Line 253 (Message): Unknown keyword "DENSITYCHECKSTEP" in LEF file; ignoring.
LEF read, Line 290 (Message): Unknown keyword "ANTENNAMODEL" in LEF file; ignoring.
LEF read, Line 291 (Message): Unknown keyword "ANTENNADIFFSIDEAREARATIO" in LEF file; ignoring.
LEF read: Processed 797 lines.
Reading DEF data from file /home/seaky/chip_design/OpenLane/designs/CPU_16bit/runs/CPU/results/routing/CPU.def.
This action cannot be undone.
  Processed 4 vias total.
Cell sky130_ef_sc_hd__decap_12 read from path /home/seaky/chip_design/open_pdks/sky130/sky130A/libs.ref/sky130_fd_sc_hd/mag
Cell sky130_fd_sc_hd__decap_3 read from path /home/seaky/chip_design/open_pdks/sky130/sky130A/libs.ref/sky130_fd_sc_hd/mag
Cell sky130_fd_sc_hd__fill_1 read from path /home/seaky/chip_design/open_pdks/sky130/sky130A/libs.ref/sky130_fd_sc_hd/mag
Cell sky130_fd_sc_hd__decap_4 read from path /home/seaky/chip_design/open_pdks/sky130/sky130A/libs.ref/sky130_fd_sc_hd/mag
Cell sky130_fd_sc_hd__decap_8 read from path /home/seaky/chip_design/open_pdks/sky130/sky130A/libs.ref/sky130_fd_sc_hd/mag
Cell sky130_fd_sc_hd__decap_6 read from path /home/seaky/chip_design/open_pdks/sky130/sky130A/libs.ref/sky130_fd_sc_hd/mag
Cell sky130_fd_sc_hd__fill_2 read from path /home/seaky/chip_design/open_pdks/sky130/sky130A/libs.ref/sky130_fd_sc_hd/mag
Cell sky130_fd_sc_hd__tapvpwrvgnd_1 read from path /home/seaky/chip_design/open_pdks/sky130/sky130A/libs.ref/sky130_fd_sc_hd/mag
Cell sky130_fd_sc_hd__inv_2 read from path /home/seaky/chip_design/open_pdks/sky130/sky130A/libs.ref/sky130_fd_sc_hd/mag
Cell sky130_fd_sc_hd__nand2_1 read from path /home/seaky/chip_design/open_pdks/sky130/sky130A/libs.ref/sky130_fd_sc_hd/mag
Cell sky130_fd_sc_hd__buf_6 read from path /home/seaky/chip_design/open_pdks/sky130/sky130A/libs.ref/sky130_fd_sc_hd/mag
Cell sky130_fd_sc_hd__nand3_1 read from path /home/seaky/chip_design/open_pdks/sky130/sky130A/libs.ref/sky130_fd_sc_hd/mag
Cell sky130_fd_sc_hd__nor2_1 read from path /home/seaky/chip_design/open_pdks/sky130/sky130A/libs.ref/sky130_fd_sc_hd/mag
Cell sky130_fd_sc_hd__inv_4 read from path /home/seaky/chip_design/open_pdks/sky130/sky130A/libs.ref/sky130_fd_sc_hd/mag
Cell sky130_fd_sc_hd__nand2_2 read from path /home/seaky/chip_design/open_pdks/sky130/sky130A/libs.ref/sky130_fd_sc_hd/mag
Cell sky130_fd_sc_hd__and3_1 read from path /home/seaky/chip_design/open_pdks/sky130/sky130A/libs.ref/sky130_fd_sc_hd/mag
Cell sky130_fd_sc_hd__a21oi_2 read from path /home/seaky/chip_design/open_pdks/sky130/sky130A/libs.ref/sky130_fd_sc_hd/mag
Cell sky130_fd_sc_hd__nor2_2 read from path /home/seaky/chip_design/open_pdks/sky130/sky130A/libs.ref/sky130_fd_sc_hd/mag
Cell sky130_fd_sc_hd__o21ai_1 read from path /home/seaky/chip_design/open_pdks/sky130/sky130A/libs.ref/sky130_fd_sc_hd/mag
Cell sky130_fd_sc_hd__a21oi_1 read from path /home/seaky/chip_design/open_pdks/sky130/sky130A/libs.ref/sky130_fd_sc_hd/mag
Cell sky130_fd_sc_hd__nand2_4 read from path /home/seaky/chip_design/open_pdks/sky130/sky130A/libs.ref/sky130_fd_sc_hd/mag
Cell sky130_fd_sc_hd__clkbuf_2 read from path /home/seaky/chip_design/open_pdks/sky130/sky130A/libs.ref/sky130_fd_sc_hd/mag
Cell sky130_fd_sc_hd__buf_2 read from path /home/seaky/chip_design/open_pdks/sky130/sky130A/libs.ref/sky130_fd_sc_hd/mag
Cell sky130_fd_sc_hd__nor2_4 read from path /home/seaky/chip_design/open_pdks/sky130/sky130A/libs.ref/sky130_fd_sc_hd/mag
Cell sky130_fd_sc_hd__clkinvlp_2 read from path /home/seaky/chip_design/open_pdks/sky130/sky130A/libs.ref/sky130_fd_sc_hd/mag
Cell sky130_fd_sc_hd__o21bai_2 read from path /home/seaky/chip_design/open_pdks/sky130/sky130A/libs.ref/sky130_fd_sc_hd/mag
Cell sky130_fd_sc_hd__or2_1 read from path /home/seaky/chip_design/open_pdks/sky130/sky130A/libs.ref/sky130_fd_sc_hd/mag
Cell sky130_fd_sc_hd__or4_1 read from path /home/seaky/chip_design/open_pdks/sky130/sky130A/libs.ref/sky130_fd_sc_hd/mag
Cell sky130_fd_sc_hd__o21a_1 read from path /home/seaky/chip_design/open_pdks/sky130/sky130A/libs.ref/sky130_fd_sc_hd/mag
Cell sky130_fd_sc_hd__buf_4 read from path /home/seaky/chip_design/open_pdks/sky130/sky130A/libs.ref/sky130_fd_sc_hd/mag
Cell sky130_fd_sc_hd__clkbuf_4 read from path /home/seaky/chip_design/open_pdks/sky130/sky130A/libs.ref/sky130_fd_sc_hd/mag
Cell sky130_fd_sc_hd__clkinv_4 read from path /home/seaky/chip_design/open_pdks/sky130/sky130A/libs.ref/sky130_fd_sc_hd/mag
Cell sky130_fd_sc_hd__a21o_1 read from path /home/seaky/chip_design/open_pdks/sky130/sky130A/libs.ref/sky130_fd_sc_hd/mag
Cell sky130_fd_sc_hd__o2bb2ai_1 read from path /home/seaky/chip_design/open_pdks/sky130/sky130A/libs.ref/sky130_fd_sc_hd/mag
Cell sky130_fd_sc_hd__nor3_1 read from path /home/seaky/chip_design/open_pdks/sky130/sky130A/libs.ref/sky130_fd_sc_hd/mag
Cell sky130_fd_sc_hd__and2_1 read from path /home/seaky/chip_design/open_pdks/sky130/sky130A/libs.ref/sky130_fd_sc_hd/mag
Cell sky130_fd_sc_hd__a22o_1 read from path /home/seaky/chip_design/open_pdks/sky130/sky130A/libs.ref/sky130_fd_sc_hd/mag
Cell sky130_fd_sc_hd__a211oi_1 read from path /home/seaky/chip_design/open_pdks/sky130/sky130A/libs.ref/sky130_fd_sc_hd/mag
Cell sky130_fd_sc_hd__and4_1 read from path /home/seaky/chip_design/open_pdks/sky130/sky130A/libs.ref/sky130_fd_sc_hd/mag
Cell sky130_fd_sc_hd__o211ai_1 read from path /home/seaky/chip_design/open_pdks/sky130/sky130A/libs.ref/sky130_fd_sc_hd/mag
Cell sky130_fd_sc_hd__a221o_1 read from path /home/seaky/chip_design/open_pdks/sky130/sky130A/libs.ref/sky130_fd_sc_hd/mag
Cell sky130_fd_sc_hd__o31ai_1 read from path /home/seaky/chip_design/open_pdks/sky130/sky130A/libs.ref/sky130_fd_sc_hd/mag
Cell sky130_fd_sc_hd__a221oi_1 read from path /home/seaky/chip_design/open_pdks/sky130/sky130A/libs.ref/sky130_fd_sc_hd/mag
Cell sky130_fd_sc_hd__o221a_1 read from path /home/seaky/chip_design/open_pdks/sky130/sky130A/libs.ref/sky130_fd_sc_hd/mag
Cell sky130_fd_sc_hd__o22ai_2 read from path /home/seaky/chip_design/open_pdks/sky130/sky130A/libs.ref/sky130_fd_sc_hd/mag
Cell sky130_fd_sc_hd__buf_1 read from path /home/seaky/chip_design/open_pdks/sky130/sky130A/libs.ref/sky130_fd_sc_hd/mag
Cell sky130_fd_sc_hd__mux2_1 read from path /home/seaky/chip_design/open_pdks/sky130/sky130A/libs.ref/sky130_fd_sc_hd/mag
Cell sky130_fd_sc_hd__clkbuf_1 read from path /home/seaky/chip_design/open_pdks/sky130/sky130A/libs.ref/sky130_fd_sc_hd/mag
Cell sky130_fd_sc_hd__o21ai_2 read from path /home/seaky/chip_design/open_pdks/sky130/sky130A/libs.ref/sky130_fd_sc_hd/mag
Cell sky130_fd_sc_hd__mux2_2 read from path /home/seaky/chip_design/open_pdks/sky130/sky130A/libs.ref/sky130_fd_sc_hd/mag
Cell sky130_fd_sc_hd__o211a_4 read from path /home/seaky/chip_design/open_pdks/sky130/sky130A/libs.ref/sky130_fd_sc_hd/mag
Cell sky130_fd_sc_hd__nand3b_1 read from path /home/seaky/chip_design/open_pdks/sky130/sky130A/libs.ref/sky130_fd_sc_hd/mag
Cell sky130_fd_sc_hd__a21boi_1 read from path /home/seaky/chip_design/open_pdks/sky130/sky130A/libs.ref/sky130_fd_sc_hd/mag
Cell sky130_fd_sc_hd__xor2_1 read from path /home/seaky/chip_design/open_pdks/sky130/sky130A/libs.ref/sky130_fd_sc_hd/mag
Cell sky130_fd_sc_hd__a31o_1 read from path /home/seaky/chip_design/open_pdks/sky130/sky130A/libs.ref/sky130_fd_sc_hd/mag
Cell sky130_fd_sc_hd__xnor2_1 read from path /home/seaky/chip_design/open_pdks/sky130/sky130A/libs.ref/sky130_fd_sc_hd/mag
Cell sky130_fd_sc_hd__dfxtp_1 read from path /home/seaky/chip_design/open_pdks/sky130/sky130A/libs.ref/sky130_fd_sc_hd/mag
Cell sky130_fd_sc_hd__dfxtp_2 read from path /home/seaky/chip_design/open_pdks/sky130/sky130A/libs.ref/sky130_fd_sc_hd/mag
Cell sky130_fd_sc_hd__dlygate4sd3_1 read from path /home/seaky/chip_design/open_pdks/sky130/sky130A/libs.ref/sky130_fd_sc_hd/mag
Cell sky130_fd_sc_hd__buf_8 read from path /home/seaky/chip_design/open_pdks/sky130/sky130A/libs.ref/sky130_fd_sc_hd/mag
  Processed 3210 subcell instances total.
  Processed 38 pins total.
  Processed 2 special nets total.
  Processed 1267 nets total.
DEF read: Processed 19613 lines.
Moving label "Mux.r1\[1\]" from metal1 to via1 in cell CPU.
Moving label "Mux.r1\[6\]" from metal2 to via1 in cell CPU.
Moving label "_0002_" from metal1 to via1 in cell CPU.
Moving label "_0009_" from metal1 to via1 in cell CPU.
Moving label "_0015_" from metal1 to via1 in cell CPU.
Moving label "_0030_" from metal1 to via1 in cell CPU.
Moving label "_0033_" from metal1 to via1 in cell CPU.
Moving label "_0041_" from metal1 to via1 in cell CPU.
Moving label "_0042_" from metal1 to viali in cell CPU.
Moving label "_0043_" from metal1 to via1 in cell CPU.
Moving label "_0056_" from metal1 to via1 in cell CPU.
Moving label "_0064_" from metal1 to via1 in cell CPU.
Moving label "_0065_" from metal1 to via1 in cell CPU.
Moving label "_0066_" from metal1 to via1 in cell CPU.
Moving label "_0068_" from metal1 to via1 in cell CPU.
Moving label "_0069_" from metal1 to via1 in cell CPU.
Moving label "_0078_" from metal1 to via1 in cell CPU.
Moving label "_0080_" from metal1 to via1 in cell CPU.
Moving label "_0082_" from metal1 to via1 in cell CPU.
Moving label "_0083_" from metal1 to via1 in cell CPU.
Moving label "_0085_" from metal1 to via1 in cell CPU.
Moving label "_0090_" from metal1 to via1 in cell CPU.
Moving label "_0095_" from metal1 to via1 in cell CPU.
Moving label "_0099_" from metal1 to via1 in cell CPU.
Moving label "_0102_" from metal1 to via1 in cell CPU.
Moving label "_0104_" from metal1 to via1 in cell CPU.
Moving label "_0105_" from metal1 to viali in cell CPU.
Moving label "_0109_" from metal1 to via1 in cell CPU.
Moving label "_0110_" from metal1 to via1 in cell CPU.
Moving label "_0118_" from metal1 to via1 in cell CPU.
Moving label "_0128_" from metal1 to via1 in cell CPU.
Moving label "_0130_" from metal1 to via1 in cell CPU.
Moving label "_0131_" from metal1 to via1 in cell CPU.
Moving label "_0133_" from metal1 to via1 in cell CPU.
Moving label "_0135_" from metal1 to via1 in cell CPU.
Moving label "_0146_" from metal1 to via1 in cell CPU.
Moving label "_0163_" from metal1 to via1 in cell CPU.
Moving label "_0166_" from metal1 to via1 in cell CPU.
Moving label "_0170_" from metal1 to via1 in cell CPU.
Moving label "_0171_" from metal1 to via1 in cell CPU.
Moving label "_0175_" from metal1 to via1 in cell CPU.
Moving label "_0177_" from metal1 to via1 in cell CPU.
Moving label "_0248_" from metal1 to via1 in cell CPU.
Moving label "_0255_" from metal1 to viali in cell CPU.
Moving label "_0382_" from metal1 to viali in cell CPU.
Moving label "_0495_" from metal1 to viali in cell CPU.
Moving label "_0518_" from metal1 to via1 in cell CPU.
Moving label "_0538_" from metal2 to via2 in cell CPU.
Moving label "_0580_" from metal2 to via2 in cell CPU.
Moving label "_0628_" from metal2 to via2 in cell CPU.
Moving label "_0651_" from metal2 to via1 in cell CPU.
Moving label "_0689_" from metal1 to viali in cell CPU.
Moving label "_0733_" from metal2 to via2 in cell CPU.
Moving label "din[0]" from metal2 to via2 in cell CPU.
Moving label "din[5]" from metal2 to via2 in cell CPU.
Moving label "din[8]" from metal2 to via2 in cell CPU.
Moving label "din[9]" from metal2 to via2 in cell CPU.
[INFO]: Writing abstract LEF
Generating LEF output /home/seaky/chip_design/OpenLane/designs/CPU_16bit/runs/CPU/results/signoff/CPU.lef for cell CPU:
Diagnostic:  Write LEF header for cell CPU
Diagnostic:  Writing LEF output for cell CPU
Diagnostic:  Scale value is 0.005000
[INFO]: LEF Write Complete
