
64. Printing statistics.

=== CPU ===

   Number of wires:               1138
   Number of wire bits:           1168
   Number of public wires:         177
   Number of public wire bits:     207
   Number of ports:                  6
   Number of port bits:             36
   Number of memories:               0
   Number of memory bits:            0
   Number of processes:              0
   Number of cells:               1149
     sky130_fd_sc_hd__a211oi_2       2
     sky130_fd_sc_hd__a21boi_4       1
     sky130_fd_sc_hd__a21o_2        12
     sky130_fd_sc_hd__a21oi_2       13
     sky130_fd_sc_hd__a21oi_4        2
     sky130_fd_sc_hd__a221o_2        1
     sky130_fd_sc_hd__a221oi_2       1
     sky130_fd_sc_hd__a22o_2         5
     sky130_fd_sc_hd__a31o_2         1
     sky130_fd_sc_hd__and2_2         4
     sky130_fd_sc_hd__and2_4         2
     sky130_fd_sc_hd__and3_2         9
     sky130_fd_sc_hd__and3_4         2
     sky130_fd_sc_hd__and4_2         1
     sky130_fd_sc_hd__buf_1        169
     sky130_fd_sc_hd__buf_2         11
     sky130_fd_sc_hd__buf_4          1
     sky130_fd_sc_hd__buf_6         12
     sky130_fd_sc_hd__buf_8          1
     sky130_fd_sc_hd__bufinv_8       1
     sky130_fd_sc_hd__dfxtp_2      179
     sky130_fd_sc_hd__inv_2         80
     sky130_fd_sc_hd__inv_4          6
     sky130_fd_sc_hd__mux2_2       159
     sky130_fd_sc_hd__nand2_2      222
     sky130_fd_sc_hd__nand2_4       16
     sky130_fd_sc_hd__nand2_8        1
     sky130_fd_sc_hd__nand3_2       86
     sky130_fd_sc_hd__nand3_4        1
     sky130_fd_sc_hd__nand3b_2       7
     sky130_fd_sc_hd__nor2_2        47
     sky130_fd_sc_hd__nor2_4         5
     sky130_fd_sc_hd__nor2_8         1
     sky130_fd_sc_hd__nor3_2         4
     sky130_fd_sc_hd__o211a_2        1
     sky130_fd_sc_hd__o211ai_2       1
     sky130_fd_sc_hd__o21a_2        21
     sky130_fd_sc_hd__o21ai_2       25
     sky130_fd_sc_hd__o21ai_4        1
     sky130_fd_sc_hd__o21bai_4       1
     sky130_fd_sc_hd__o221a_2        1
     sky130_fd_sc_hd__o22ai_2        1
     sky130_fd_sc_hd__o2bb2ai_2      1
     sky130_fd_sc_hd__o31ai_2        1
     sky130_fd_sc_hd__or2_2         19
     sky130_fd_sc_hd__or2_4          3
     sky130_fd_sc_hd__or4_4          1
     sky130_fd_sc_hd__xnor2_2        1
     sky130_fd_sc_hd__xor2_2         6

   Chip area for module '\CPU': 11066.864000
     of which used for sequential elements: 3807.401600 (34.40%)

