
 /----------------------------------------------------------------------------\
 |  yosys -- Yosys Open SYnthesis Suite                                       |
 |  Copyright (C) 2012 - 2024  Claire Xenia Wolf <claire@yosyshq.com>         |
 |  Distributed under an ISC-like license, type "license" to see terms        |
 \----------------------------------------------------------------------------/
 Yosys 0.48+5 (git sha1 4581f75b0, g++ 13.3.0-6ubuntu2~24.04 -fPIC -O3)

-- Running command `read_verilog PC2bit_synthesized.v; stat' --

1. Executing Verilog-2005 frontend: PC2bit_synthesized.v
Parsing Verilog input from `PC2bit_synthesized.v' to AST representation.
Generating RTLIL representation for module `\PC_2bit'.
Successfully finished Verilog frontend.

2. Printing statistics.

=== PC_2bit ===

   Number of wires:                  6
   Number of wire bits:              7
   Number of public wires:           6
   Number of public wire bits:       7
   Number of ports:                  3
   Number of port bits:              4
   Number of memories:               0
   Number of memory bits:            0
   Number of processes:              0
   Number of cells:                  5
     sky130_fd_sc_hd__dfxtp_1        2
     sky130_fd_sc_hd__nor2_1         2
     sky130_fd_sc_hd__xnor2_1        1

End of script. Logfile hash: 7d98002d4f, CPU: user 0.01s system 0.00s, MEM: 13.73 MB peak
Yosys 0.48+5 (git sha1 4581f75b0, g++ 13.3.0-6ubuntu2~24.04 -fPIC -O3)
Time spent: 89% 2x read_verilog (0 sec), 10% 1x stat (0 sec)
