OpenROAD v2.0-19149-g9ef9c213c 
Features included (+) or not (-): +GPU +GUI +Python
This program is licensed under the BSD-3 license. See the LICENSE file for details.
Components of this program may be licensed under more restrictive licenses which must be honored.
define_corners Typical
read_liberty -corner Typical /home/seaky/chip_design/open_pdks/sky130/sky130A/libs.ref/sky130_fd_sc_hd/lib/sky130_fd_sc_hd__tt_025C_1v80.lib
Using 1e-12 for capacitance...
Using 1e+03 for resistance...
Using 1e-09 for time...
Using 1e+00 for voltage...
Using 1e-03 for current...
Using 1e-09 for power...
Using 1e-06 for distance...
[INFO]: Reading ODB at '/home/seaky/chip_design/OpenLane/designs/CPU_16bit/runs/CPU/tmp/placement/9-io.odb'…
Reading design constraints file at '/home/seaky/chip_design/OpenLane/designs/CPU_16bit/src/CPU_constraints.sdc'…
[INFO]: Setting RC values...
[INFO]: Setting signal min routing layer to: met1 and clock min routing layer to met3. 
[INFO]: Setting signal max routing layer to: met5 and clock max routing layer to met5. 
[WARNING GPL-0150] -skip_io will disable timing driven mode.
[WARNING GPL-0151] -skip_io will disable routability driven mode.
[INFO GPL-0002] DBU: 1000
[INFO GPL-0003] SiteSize: (  0.460  2.720 ) um
[INFO GPL-0004] CoreBBox: (  5.520 10.880 ) ( 154.100 157.760 ) um
[INFO GPL-0006] NumInstances:              1565
[INFO GPL-0007] NumPlaceInstances:         1149
[INFO GPL-0008] NumFixedInstances:          416
[INFO GPL-0009] NumDummyInstances:            0
[INFO GPL-0010] NumNets:                   1168
[INFO GPL-0011] NumPins:                   3549
[INFO GPL-0012] DieBBox:  (  0.000  0.000 ) ( 159.815 170.535 ) um
[INFO GPL-0013] CoreBBox: (  5.520 10.880 ) ( 154.100 157.760 ) um
[INFO GPL-0016] CoreArea:             21823.430 um^2
[INFO GPL-0017] NonPlaceInstsArea:      790.758 um^2
[INFO GPL-0018] PlaceInstsArea:       11066.864 um^2
[INFO GPL-0019] Util:                    52.617 %
[INFO GPL-0020] StdInstsArea:         11066.864 um^2
[INFO GPL-0021] MacroInstsArea:           0.000 um^2
[INFO GPL-0031] FillerInit:NumGCells:      1315
[INFO GPL-0032] FillerInit:NumGNets:       1168
[INFO GPL-0033] FillerInit:NumGPins:       3549
[INFO GPL-0023] TargetDensity:            0.600
[INFO GPL-0024] AvrgPlaceInstArea:        9.632 um^2
[INFO GPL-0025] IdealBinArea:            16.053 um^2
[INFO GPL-0026] IdealBinCnt:               1359
[INFO GPL-0027] TotalBinArea:         21823.430 um^2
[INFO GPL-0028] BinCnt:        32     32
[INFO GPL-0029] BinSize: (  4.644  4.590 )
[INFO GPL-0030] NumBins: 1024
[NesterovSolve] Iter:    1 overflow: 0.124 HPWL: 14570735
[NesterovSolve] Iter:   10 overflow: 0.517 HPWL: 13324083
[NesterovSolve] Iter:   20 overflow: 0.847 HPWL: 8503530
[NesterovSolve] Iter:   30 overflow: 0.962 HPWL: 3654384
[NesterovSolve] Iter:   40 overflow: 0.923 HPWL: 5416510
[NesterovSolve] Iter:   50 overflow: 0.895 HPWL: 5753231
[NesterovSolve] Iter:   60 overflow: 0.883 HPWL: 6103418
[NesterovSolve] Iter:   70 overflow: 0.855 HPWL: 6626980
[NesterovSolve] Iter:   80 overflow: 0.828 HPWL: 7388217
[NesterovSolve] Iter:   90 overflow: 0.800 HPWL: 8108618
[NesterovSolve] Iter:  100 overflow: 0.763 HPWL: 8834161
[NesterovSolve] Iter:  110 overflow: 0.731 HPWL: 9472831
[NesterovSolve] Iter:  120 overflow: 0.690 HPWL: 10204320
[NesterovSolve] Iter:  130 overflow: 0.655 HPWL: 10877704
[NesterovSolve] Iter:  140 overflow: 0.614 HPWL: 11510473
[NesterovSolve] Iter:  150 overflow: 0.573 HPWL: 11996089
[NesterovSolve] Iter:  160 overflow: 0.527 HPWL: 12403011
[NesterovSolve] Iter:  170 overflow: 0.485 HPWL: 12699856
[NesterovSolve] Iter:  180 overflow: 0.447 HPWL: 13107835
[NesterovSolve] Iter:  190 overflow: 0.405 HPWL: 13259738
[NesterovSolve] Iter:  200 overflow: 0.371 HPWL: 13506709
[NesterovSolve] Iter:  210 overflow: 0.338 HPWL: 13677778
[NesterovSolve] Iter:  220 overflow: 0.300 HPWL: 13841241
[NesterovSolve] Iter:  230 overflow: 0.264 HPWL: 13912035
[NesterovSolve] Iter:  240 overflow: 0.232 HPWL: 13985794
[NesterovSolve] Iter:  250 overflow: 0.208 HPWL: 14088654
[NesterovSolve] Iter:  260 overflow: 0.185 HPWL: 14187063
[NesterovSolve] Iter:  270 overflow: 0.160 HPWL: 14260575
[NesterovSolve] Iter:  280 overflow: 0.139 HPWL: 14329531
[NesterovSolve] Iter:  290 overflow: 0.121 HPWL: 14425850
[NesterovSolve] Iter:  300 overflow: 0.108 HPWL: 14506234
[NesterovSolve] Finished with Overflow: 0.098725
Setting global connections for newly added cells…
Writing OpenROAD database to '/home/seaky/chip_design/OpenLane/designs/CPU_16bit/runs/CPU/tmp/placement/10-global.odb'…
Writing netlist to '/home/seaky/chip_design/OpenLane/designs/CPU_16bit/runs/CPU/tmp/placement/10-global.nl.v'…
Writing powered netlist to '/home/seaky/chip_design/OpenLane/designs/CPU_16bit/runs/CPU/tmp/placement/10-global.pnl.v'…
Writing layout to '/home/seaky/chip_design/OpenLane/designs/CPU_16bit/runs/CPU/tmp/placement/10-global.def'…
